MIF/HEX Update report for top
Tue Oct 15 16:38:57 2019
Quartus Prime Version 15.1.0 Build 185 10/21/2015 SJ Standard Edition


---------------------
; Table of Contents ;
---------------------
  1. Legal Notice
  2. MIF/HEX Update Summary
  3. MIF/HEX Update Processed Files
  4. MIF/HEX Update Messages



----------------
; Legal Notice ;
----------------
Copyright (C) 1991-2015 Altera Corporation. All rights reserved.
Your use of Altera Corporation's design tools, logic functions 
and other software and tools, and its AMPP partner logic 
functions, and any output files from any of the foregoing 
(including device programming or simulation files), and any 
associated documentation or information are expressly subject 
to the terms and conditions of the Altera Program License 
Subscription Agreement, the Altera Quartus Prime License Agreement,
the Altera MegaCore Function License Agreement, or other 
applicable license agreement, including, without limitation, 
that your use is for the sole purpose of programming logic 
devices manufactured by Altera and sold by Altera or its 
authorized distributors.  Please refer to the applicable 
agreement for further details.



+---------------------------------------------------------------+
; MIF/HEX Update Summary                                        ;
+-----------------------+---------------------------------------+
; MIF/HEX Update Status ; Successful - Tue Oct 15 16:38:57 2019 ;
; Revision Name         ; top                                   ;
; Top-level Entity Name ; top                                   ;
; Family                ; Cyclone V                             ;
; Device                ; 5CSEMA5F31C6                          ;
+-----------------------+---------------------------------------+


+----------------------------------------------------------------------------------------------------------------------------+
; MIF/HEX Update Processed Files                                                                                             ;
+----------------------------------------------------------------------------------------------------------------------------+
; File Name                                                                                                                  ;
+----------------------------------------------------------------------------------------------------------------------------+
; /users/zicew/git/ece327/new/lab2/airplane_CL/aocl_airplane/device/airplane_cl/pll_rom.hex                                  ;
; /users/zicew/git/ece327/new/lab2/airplane_CL/aocl_airplane/device/airplane_cl/sys_description.hex                          ;
; /users/zicew/git/ece327/new/lab2/airplane_CL/aocl_airplane/device/airplane_cl/system/synthesis/submodules/hps_AC_ROM.hex   ;
; /users/zicew/git/ece327/new/lab2/airplane_CL/aocl_airplane/device/airplane_cl/system/synthesis/submodules/hps_inst_ROM.hex ;
+----------------------------------------------------------------------------------------------------------------------------+


+-------------------------+
; MIF/HEX Update Messages ;
+-------------------------+
Info: *******************************************************************
Info: Running Quartus Prime MIF/HEX Update
    Info: Version 15.1.0 Build 185 10/21/2015 SJ Standard Edition
    Info: Processing started: Tue Oct 15 16:38:44 2019
Info: Command: quartus_cdb top -c top --update_mif
Info: Using INI file /users/zicew/git/ece327/new/lab2/airplane_CL/aocl_airplane/device/airplane_cl/quartus.ini
Critical Warning (127005): Memory depth (512) in the design file differs from memory depth (13) in the Memory Initialization File "/users/zicew/git/ece327/new/lab2/airplane_CL/aocl_airplane/device/airplane_cl/sys_description.hex" -- setting initial value for remaining addresses to 0
Info (39024): Processed the following Memory Initialization File(s)
    Info (39025): Processed Memory Initialization File /users/zicew/git/ece327/new/lab2/airplane_CL/aocl_airplane/device/airplane_cl/pll_rom.hex File: /users/zicew/git/ece327/new/lab2/airplane_CL/aocl_airplane/device/airplane_cl/pll_rom.hex Line: 0
    Info (39025): Processed Memory Initialization File /users/zicew/git/ece327/new/lab2/airplane_CL/aocl_airplane/device/airplane_cl/sys_description.hex File: /users/zicew/git/ece327/new/lab2/airplane_CL/aocl_airplane/device/airplane_cl/sys_description.hex Line: 0
    Info (39025): Processed Memory Initialization File /users/zicew/git/ece327/new/lab2/airplane_CL/aocl_airplane/device/airplane_cl/system/synthesis/submodules/hps_AC_ROM.hex File: /users/zicew/git/ece327/new/lab2/airplane_CL/aocl_airplane/device/airplane_cl/system/synthesis/submodules/hps_AC_ROM.hex Line: 0
    Info (39025): Processed Memory Initialization File /users/zicew/git/ece327/new/lab2/airplane_CL/aocl_airplane/device/airplane_cl/system/synthesis/submodules/hps_inst_ROM.hex File: /users/zicew/git/ece327/new/lab2/airplane_CL/aocl_airplane/device/airplane_cl/system/synthesis/submodules/hps_inst_ROM.hex Line: 0
Info: Quartus Prime MIF/HEX Update was successful. 0 errors, 1 warning
    Info: Peak virtual memory: 1603 megabytes
    Info: Processing ended: Tue Oct 15 16:38:57 2019
    Info: Elapsed time: 00:00:13
    Info: Total CPU time (on all processors): 00:00:11


