Flow report for top
Tue Nov 26 17:33:57 2019
Quartus Prime Version 15.1.0 Build 185 10/21/2015 SJ Standard Edition


---------------------
; Table of Contents ;
---------------------
  1. Legal Notice
  2. Flow Summary
  3. Flow Settings
  4. Flow Non-Default Global Settings
  5. Flow Elapsed Time
  6. Flow OS Summary
  7. Flow Log
  8. Flow Messages
  9. Flow Suppressed Messages



----------------
; Legal Notice ;
----------------
Copyright (C) 1991-2015 Altera Corporation. All rights reserved.
Your use of Altera Corporation's design tools, logic functions 
and other software and tools, and its AMPP partner logic 
functions, and any output files from any of the foregoing 
(including device programming or simulation files), and any 
associated documentation or information are expressly subject 
to the terms and conditions of the Altera Program License 
Subscription Agreement, the Altera Quartus Prime License Agreement,
the Altera MegaCore Function License Agreement, or other 
applicable license agreement, including, without limitation, 
that your use is for the sole purpose of programming logic 
devices manufactured by Altera and sold by Altera or its 
authorized distributors.  Please refer to the applicable 
agreement for further details.



+-----------------------------------------------------------------------------------+
; Flow Summary                                                                      ;
+---------------------------------+-------------------------------------------------+
; Flow Status                     ; Successful - Tue Nov 26 17:31:20 2019           ;
; Quartus Prime Version           ; 15.1.0 Build 185 10/21/2015 SJ Standard Edition ;
; Revision Name                   ; top                                             ;
; Top-level Entity Name           ; top                                             ;
; Family                          ; Cyclone V                                       ;
; Device                          ; 5CSEMA5F31C6                                    ;
; Timing Models                   ; Final                                           ;
; Logic utilization (in ALMs)     ; 7,421 / 32,070 ( 23 % )                         ;
; Total registers                 ; 14077                                           ;
; Total pins                      ; 103 / 457 ( 23 % )                              ;
; Total virtual pins              ; 0                                               ;
; Total block memory bits         ; 594,160 / 4,065,280 ( 15 % )                    ;
; Total DSP Blocks                ; 4 / 87 ( 5 % )                                  ;
; Total HSSI RX PCSs              ; 0                                               ;
; Total HSSI PMA RX Deserializers ; 0                                               ;
; Total HSSI TX PCSs              ; 0                                               ;
; Total HSSI PMA TX Serializers   ; 0                                               ;
; Total PLLs                      ; 2 / 6 ( 33 % )                                  ;
; Total DLLs                      ; 1 / 4 ( 25 % )                                  ;
+---------------------------------+-------------------------------------------------+


+-----------------------------------------+
; Flow Settings                           ;
+-------------------+---------------------+
; Option            ; Setting             ;
+-------------------+---------------------+
; Start date & time ; 11/26/2019 17:17:25 ;
; Main task         ; Compilation         ;
; Revision Name     ; top                 ;
+-------------------+---------------------+


+---------------------------------------------------------------------------------------------------------------------------------------------------------------------------------------------------+
; Flow Non-Default Global Settings                                                                                                                                                                  ;
+-------------------------------------------------+----------------------------------------------------------------------+---------------+------------------------------------+---------------------+
; Assignment Name                                 ; Value                                                                ; Default Value ; Entity Name                        ; Section Id          ;
+-------------------------------------------------+----------------------------------------------------------------------+---------------+------------------------------------+---------------------+
; ALLOW_SHIFT_REGISTER_MERGING_ACROSS_HIERARCHIES ; Off                                                                  ; Auto          ; --                                 ; --                  ;
; AUTO_PARALLEL_SYNTHESIS                         ; Off                                                                  ; On            ; --                                 ; --                  ;
; COMPILER_SIGNATURE_ID                           ; 0.157480664524254                                                    ; --            ; --                                 ; --                  ;
; DISABLE_REGISTER_MERGING_ACROSS_HIERARCHIES     ; On                                                                   ; Auto          ; --                                 ; --                  ;
; FITTER_EFFORT                                   ; Standard Fit                                                         ; Auto Fit      ; --                                 ; --                  ;
; FIT_ONLY_ONE_ATTEMPT                            ; On                                                                   ; Off           ; --                                 ; --                  ;
; FLOW_DISABLE_ASSEMBLER                          ; On                                                                   ; Off           ; --                                 ; --                  ;
; HPS_ISW_FILE                                    ; system/synthesis/submodules/sequencer/sequencer_auto_ac_init.pre.c   ; --            ; system_acl_iface_hps_hps_io_border ; --                  ;
; HPS_ISW_FILE                                    ; system/synthesis/submodules/sequencer/sequencer_defines.pre.h        ; --            ; system_acl_iface_hps_hps_io_border ; --                  ;
; HPS_ISW_FILE                                    ; system/synthesis/submodules/sequencer/sdram_io.pre.h                 ; --            ; system_acl_iface_hps_hps_io_border ; --                  ;
; HPS_ISW_FILE                                    ; system/synthesis/submodules/sequencer/sequencer.pre.c                ; --            ; system_acl_iface_hps_hps_io_border ; --                  ;
; HPS_ISW_FILE                                    ; system/synthesis/submodules/sequencer/emif.pre.xml                   ; --            ; system_acl_iface_hps_hps_io_border ; --                  ;
; HPS_ISW_FILE                                    ; system/synthesis/submodules/sequencer/sequencer_auto_inst_init.pre.c ; --            ; system_acl_iface_hps_hps_io_border ; --                  ;
; HPS_ISW_FILE                                    ; system/synthesis/submodules/sequencer/sequencer.pre.h                ; --            ; system_acl_iface_hps_hps_io_border ; --                  ;
; HPS_ISW_FILE                                    ; system/synthesis/submodules/sequencer/tclrpt.pre.h                   ; --            ; system_acl_iface_hps_hps_io_border ; --                  ;
; HPS_ISW_FILE                                    ; system/synthesis/submodules/sequencer/system.pre.h                   ; --            ; system_acl_iface_hps_hps_io_border ; --                  ;
; HPS_ISW_FILE                                    ; system/synthesis/submodules/sequencer/tclrpt.pre.c                   ; --            ; system_acl_iface_hps_hps_io_border ; --                  ;
; HPS_ISW_FILE                                    ; system/synthesis/submodules/sequencer/alt_types.pre.h                ; --            ; system_acl_iface_hps_hps_io_border ; --                  ;
; HPS_ISW_FILE                                    ; system/synthesis/submodules/sequencer/sequencer_auto.pre.h           ; --            ; system_acl_iface_hps_hps_io_border ; --                  ;
; HPS_ISW_FILE                                    ; system/synthesis/submodules/hps.pre.xml                              ; --            ; system_acl_iface_hps_hps_io_border ; --                  ;
; HPS_PARTITION                                   ; On                                                                   ; --            ; system_acl_iface_hps_hps_io_border ; --                  ;
; MAX_CORE_JUNCTION_TEMP                          ; 85                                                                   ; --            ; --                                 ; --                  ;
; MIN_CORE_JUNCTION_TEMP                          ; 0                                                                    ; --            ; --                                 ; --                  ;
; MISC_FILE                                       ; system/synthesis/../../system.qsys                                   ; --            ; --                                 ; --                  ;
; MISC_FILE                                       ; system/synthesis/submodules/sequencer/sequencer_auto_ac_init.pre.c   ; --            ; --                                 ; --                  ;
; MISC_FILE                                       ; system/synthesis/submodules/sequencer/sequencer_defines.pre.h        ; --            ; --                                 ; --                  ;
; MISC_FILE                                       ; system/synthesis/submodules/sequencer/sdram_io.pre.h                 ; --            ; --                                 ; --                  ;
; MISC_FILE                                       ; system/synthesis/submodules/sequencer/sequencer.pre.c                ; --            ; --                                 ; --                  ;
; MISC_FILE                                       ; system/synthesis/submodules/sequencer/emif.pre.xml                   ; --            ; --                                 ; --                  ;
; MISC_FILE                                       ; system/synthesis/submodules/sequencer/sequencer_auto_inst_init.pre.c ; --            ; --                                 ; --                  ;
; MISC_FILE                                       ; system/synthesis/submodules/sequencer/sequencer.pre.h                ; --            ; --                                 ; --                  ;
; MISC_FILE                                       ; system/synthesis/submodules/sequencer/tclrpt.pre.h                   ; --            ; --                                 ; --                  ;
; MISC_FILE                                       ; system/synthesis/submodules/sequencer/system.pre.h                   ; --            ; --                                 ; --                  ;
; MISC_FILE                                       ; system/synthesis/submodules/sequencer/tclrpt.pre.c                   ; --            ; --                                 ; --                  ;
; MISC_FILE                                       ; system/synthesis/submodules/sequencer/alt_types.pre.h                ; --            ; --                                 ; --                  ;
; MISC_FILE                                       ; system/synthesis/submodules/sequencer/sequencer_auto.pre.h           ; --            ; --                                 ; --                  ;
; MISC_FILE                                       ; system/synthesis/submodules/hps.pre.xml                              ; --            ; --                                 ; --                  ;
; OPTIMIZATION_TECHNIQUE                          ; Speed                                                                ; Balanced      ; --                                 ; --                  ;
; PARTITION_COLOR                                 ; 39423                                                                ; --            ; --                                 ; acl_iface_partition ;
; PARTITION_COLOR                                 ; 16764057                                                             ; --            ; --                                 ; Top                 ;
; PARTITION_FITTER_PRESERVATION_LEVEL             ; PLACEMENT_AND_ROUTING                                                ; --            ; --                                 ; Top                 ;
; PARTITION_NETLIST_TYPE                          ; SOURCE                                                               ; --            ; --                                 ; Top                 ;
; PLACEMENT_EFFORT_MULTIPLIER                     ; 4.0                                                                  ; 1.0           ; --                                 ; --                  ;
; POST_FLOW_SCRIPT_FILE                           ; quartus_cdb:scripts/post_flow.tcl                                    ; --            ; --                                 ; --                  ;
; ROUTER_TIMING_OPTIMIZATION_LEVEL                ; MAXIMUM                                                              ; Normal        ; --                                 ; --                  ;
; SEARCH_PATH                                     ; iface                                                                ; --            ; --                                 ; --                  ;
; SEARCH_PATH                                     ; /usr/commercial_amd64/altera/15.1/hld/ip                             ; --            ; --                                 ; --                  ;
; SYNTHESIS_ONLY_QIP                              ; On                                                                   ; --            ; --                                 ; --                  ;
; VERILOG_CONSTANT_LOOP_LIMIT                     ; 10000                                                                ; 5000          ; --                                 ; --                  ;
; VERILOG_INPUT_VERSION                           ; SystemVerilog_2005                                                   ; Verilog_2001  ; --                                 ; --                  ;
+-------------------------------------------------+----------------------------------------------------------------------+---------------+------------------------------------+---------------------+


+-------------------------------------------------------------------------------------------------------------------------------+
; Flow Elapsed Time                                                                                                             ;
+---------------------------+--------------+-------------------------+---------------------+------------------------------------+
; Module Name               ; Elapsed Time ; Average Processors Used ; Peak Virtual Memory ; Total CPU Time (on all processors) ;
+---------------------------+--------------+-------------------------+---------------------+------------------------------------+
; Analysis & Synthesis      ; 00:01:58     ; 1.0                     ; 1969 MB             ; 00:02:03                           ;
; Fitter                    ; 00:06:41     ; 1.6                     ; 3610 MB             ; 00:14:11                           ;
; TimeQuest Timing Analyzer ; 00:01:02     ; 2.3                     ; 2227 MB             ; 00:01:58                           ;
; MIF/HEX Update            ; 00:00:19     ; 1.0                     ; 1690 MB             ; 00:00:19                           ;
; Assembler                 ; 00:00:18     ; 1.0                     ; 1345 MB             ; 00:00:16                           ;
; TimeQuest Timing Analyzer ; 00:02:26     ; 1.1                     ; 1787 MB             ; 00:00:40                           ;
; Total                     ; 00:12:44     ; --                      ; --                  ; 00:19:27                           ;
+---------------------------+--------------+-------------------------+---------------------+------------------------------------+


+---------------------------------------------------------------------------------------------+
; Flow OS Summary                                                                             ;
+---------------------------+------------------+----------------+------------+----------------+
; Module Name               ; Machine Hostname ; OS Name        ; OS Version ; Processor type ;
+---------------------------+------------------+----------------+------------+----------------+
; Analysis & Synthesis      ; apollo08         ; Ubuntu 14.04.5 ; 14         ; x86_64         ;
; Fitter                    ; apollo08         ; Ubuntu 14.04.5 ; 14         ; x86_64         ;
; TimeQuest Timing Analyzer ; apollo08         ; Ubuntu 14.04.5 ; 14         ; x86_64         ;
; MIF/HEX Update            ; apollo08         ; Ubuntu 14.04.5 ; 14         ; x86_64         ;
; Assembler                 ; apollo08         ; Ubuntu 14.04.5 ; 14         ; x86_64         ;
; TimeQuest Timing Analyzer ; apollo08         ; Ubuntu 14.04.5 ; 14         ; x86_64         ;
+---------------------------+------------------+----------------+------------+----------------+


------------
; Flow Log ;
------------
quartus_map --read_settings_files=on --write_settings_files=off top -c top
quartus_fit --read_settings_files=off --write_settings_files=off top -c top
quartus_sta top -c top
quartus_cdb top -c top --update_mif
quartus_asm --read_settings_files=on --write_settings_files=off top -c top
quartus_sta top -c top --report_script=scripts/failing_clocks.tcl



